Release 14.7 - xst P.20131013 (nt64)
Copyright (c) 1995-2013 Xilinx, Inc.  All rights reserved.
--> Parameter TMPDIR set to xst/projnav.tmp


Total REAL time to Xst completion: 0.00 secs
Total CPU time to Xst completion: 0.12 secs
 
--> Parameter xsthdpdir set to xst


Total REAL time to Xst completion: 0.00 secs
Total CPU time to Xst completion: 0.12 secs
 
--> Reading design: Ejericio3_5.prj

TABLE OF CONTENTS
  1) Synthesis Options Summary
  2) HDL Parsing
  3) HDL Elaboration
  4) HDL Synthesis
       4.1) HDL Synthesis Report
  5) Advanced HDL Synthesis
       5.1) Advanced HDL Synthesis Report
  6) Low Level Synthesis
  7) Partition Report
  8) Design Summary
       8.1) Primitive and Black Box Usage
       8.2) Device utilization summary
       8.3) Partition Resource Summary
       8.4) Timing Report
            8.4.1) Clock Information
            8.4.2) Asynchronous Control Signals Information
            8.4.3) Timing Summary
            8.4.4) Timing Details
            8.4.5) Cross Clock Domains Report


=========================================================================
*                      Synthesis Options Summary                        *
=========================================================================
---- Source Parameters
Input File Name                    : "Ejericio3_5.prj"
Ignore Synthesis Constraint File   : NO

---- Target Parameters
Output File Name                   : "Ejericio3_5"
Output Format                      : NGC
Target Device                      : xc7a100t-3-csg324

---- Source Options
Top Module Name                    : Ejericio3_5
Automatic FSM Extraction           : YES
FSM Encoding Algorithm             : Auto
Safe Implementation                : No
FSM Style                          : LUT
RAM Extraction                     : Yes
RAM Style                          : Auto
ROM Extraction                     : Yes
Shift Register Extraction          : YES
ROM Style                          : Auto
Resource Sharing                   : YES
Asynchronous To Synchronous        : NO
Shift Register Minimum Size        : 2
Use DSP Block                      : Auto
Automatic Register Balancing       : No

---- Target Options
LUT Combining                      : Auto
Reduce Control Sets                : Auto
Add IO Buffers                     : YES
Global Maximum Fanout              : 100000
Add Generic Clock Buffer(BUFG)     : 32
Register Duplication               : YES
Optimize Instantiated Primitives   : NO
Use Clock Enable                   : Auto
Use Synchronous Set                : Auto
Use Synchronous Reset              : Auto
Pack IO Registers into IOBs        : Auto
Equivalent register Removal        : YES

---- General Options
Optimization Goal                  : Speed
Optimization Effort                : 1
Power Reduction                    : NO
Keep Hierarchy                     : No
Netlist Hierarchy                  : As_Optimized
RTL Output                         : Yes
Global Optimization                : AllClockNets
Read Cores                         : YES
Write Timing Constraints           : NO
Cross Clock Analysis               : NO
Hierarchy Separator                : /
Bus Delimiter                      : <>
Case Specifier                     : Maintain
Slice Utilization Ratio            : 100
BRAM Utilization Ratio             : 100
DSP48 Utilization Ratio            : 100
Auto BRAM Packing                  : NO
Slice Utilization Ratio Delta      : 5

=========================================================================


=========================================================================
*                          HDL Parsing                                  *
=========================================================================
Parsing VHDL file "C:\Xilinx\Ejercicios_3.1_al_3.20\Ejericio3_5.vhd" into library work
Parsing entity <Ejericio3_5>.
Parsing architecture <Behavioral> of entity <ejericio3_5>.
ERROR:HDLCompiler:837 - "C:\Xilinx\Ejercicios_3.1_al_3.20\Ejericio3_5.vhd" Line 49: Type std_logic does not match with a string literal
ERROR:HDLCompiler:837 - "C:\Xilinx\Ejercicios_3.1_al_3.20\Ejericio3_5.vhd" Line 52: Type std_logic does not match with a string literal
ERROR:HDLCompiler:1731 - "C:\Xilinx\Ejercicios_3.1_al_3.20\Ejericio3_5.vhd" Line 51: found '0' definitions of operator "=", cannot determine exact overloaded matching definition for "="
ERROR:HDLCompiler:1731 - "C:\Xilinx\Ejercicios_3.1_al_3.20\Ejericio3_5.vhd" Line 48: found '0' definitions of operator "=", cannot determine exact overloaded matching definition for "="
ERROR:HDLCompiler:837 - "C:\Xilinx\Ejercicios_3.1_al_3.20\Ejericio3_5.vhd" Line 58: Type std_logic does not match with a string literal
ERROR:HDLCompiler:837 - "C:\Xilinx\Ejercicios_3.1_al_3.20\Ejericio3_5.vhd" Line 61: Type std_logic does not match with a string literal
ERROR:HDLCompiler:1731 - "C:\Xilinx\Ejercicios_3.1_al_3.20\Ejericio3_5.vhd" Line 60: found '0' definitions of operator "=", cannot determine exact overloaded matching definition for "="
ERROR:HDLCompiler:1731 - "C:\Xilinx\Ejercicios_3.1_al_3.20\Ejericio3_5.vhd" Line 57: found '0' definitions of operator "=", cannot determine exact overloaded matching definition for "="
ERROR:HDLCompiler:837 - "C:\Xilinx\Ejercicios_3.1_al_3.20\Ejericio3_5.vhd" Line 67: Type std_logic does not match with a string literal
ERROR:HDLCompiler:837 - "C:\Xilinx\Ejercicios_3.1_al_3.20\Ejericio3_5.vhd" Line 70: Type std_logic does not match with a string literal
ERROR:HDLCompiler:1731 - "C:\Xilinx\Ejercicios_3.1_al_3.20\Ejericio3_5.vhd" Line 69: found '0' definitions of operator "=", cannot determine exact overloaded matching definition for "="
ERROR:HDLCompiler:1731 - "C:\Xilinx\Ejercicios_3.1_al_3.20\Ejericio3_5.vhd" Line 66: found '0' definitions of operator "=", cannot determine exact overloaded matching definition for "="
ERROR:HDLCompiler:837 - "C:\Xilinx\Ejercicios_3.1_al_3.20\Ejericio3_5.vhd" Line 76: Type std_logic does not match with a string literal
ERROR:HDLCompiler:837 - "C:\Xilinx\Ejercicios_3.1_al_3.20\Ejericio3_5.vhd" Line 79: Type std_logic does not match with a string literal
ERROR:HDLCompiler:1731 - "C:\Xilinx\Ejercicios_3.1_al_3.20\Ejericio3_5.vhd" Line 78: found '0' definitions of operator "=", cannot determine exact overloaded matching definition for "="
ERROR:HDLCompiler:1731 - "C:\Xilinx\Ejercicios_3.1_al_3.20\Ejericio3_5.vhd" Line 75: found '0' definitions of operator "=", cannot determine exact overloaded matching definition for "="
ERROR:HDLCompiler:837 - "C:\Xilinx\Ejercicios_3.1_al_3.20\Ejericio3_5.vhd" Line 85: Type std_logic does not match with a string literal
ERROR:HDLCompiler:837 - "C:\Xilinx\Ejercicios_3.1_al_3.20\Ejericio3_5.vhd" Line 88: Type std_logic does not match with a string literal
ERROR:HDLCompiler:1731 - "C:\Xilinx\Ejercicios_3.1_al_3.20\Ejericio3_5.vhd" Line 87: found '0' definitions of operator "=", cannot determine exact overloaded matching definition for "="
Sorry, too many errors..
--> 

Total memory usage is 4497764 kilobytes

Number of errors   :   19 (   0 filtered)
Number of warnings :    0 (   0 filtered)
Number of infos    :    0 (   0 filtered)

