ISim log file
Running: C:\Xilinx\Ejercicios_3.1_al_3.20\ejercicio3_3_isim_beh.exe -intstyle ise -gui -tclbatch isim.cmd -wdb C:/Xilinx/Ejercicios_3.1_al_3.20/ejercicio3_3_isim_beh.wdb 
ISim P.20131013 (signature 0x7708f090)
WARNING: A WEBPACK license was found.
WARNING: Please use Xilinx License Configuration Manager to check out a full ISim license.
WARNING: ISim will run in Lite mode. Please refer to the ISim documentation for more information on the differences between the Lite and the Full version.
This is a Lite version of ISim.
Time resolution is 1 ps
# onerror resume
# wave add /
# run 1000 ns
Simulator is doing circuit initialization process.
Finished circuit initialization process.
# isim force add /ejercicio3_3/d 0 -radix bin
# isim force add /ejercicio3_3/d 0 -radix bin
# run 1.00us
# isim force add /ejercicio3_3/clk 0 -radix bin
# isim force add /ejercicio3_3/clk 0 -radix bin
# isim force add /ejercicio3_3/rst 1 -radix bin
# isim force add /ejercicio3_3/rst 1 -radix bin
# isim force add /ejercicio3_3/i 0 -radix bin
# isim force add /ejercicio3_3/i 0 -radix bin
# run 1.00us
# isim force add /ejercicio3_3/de 100 -radix bin
# isim force add /ejercicio3_3/de 100 -radix bin
# run 1.00us
# isim force add /ejercicio3_3/de 1000 -radix bin
# isim force add /ejercicio3_3/de 1000 -radix bin
# run 1.00us
# isim force add /ejercicio3_3/s 10 -radix bin
# isim force add /ejercicio3_3/s 10 -radix bin
# run 1.00us
# isim force add /ejercicio3_3/q 0001 -radix bin
# isim force add /ejercicio3_3/q 0001 -radix bin
# run 1.00us
