Command line:
   ejercicio3_18_isim_beh.exe
     -simmode  gui
     -simrunnum  0
     -socket  59907

Thu Jul 14 14:04:07 2022


 Elaboration Time: 0.09375 sec

 Current Memory Usage: 5150.73 Meg

 Total Signals          : 6
 Total Nets             : 8
 Total Signal Drivers   : 4
 Total Blocks           : 3
 Total Primitive Blocks : 3
 Total Processes        : 3
 Total Traceable Variables  : 10
 Total Scalar Nets and Variables : 386
Total Line Count : 34

 Total Simulation Time: 0.171875 sec

 Current Memory Usage: 4993.44 Meg

Thu Jul 14 14:07:58 2022

