Command line:
   ejercicio3_17_isim_beh.exe
     -simmode  gui
     -simrunnum  0
     -socket  59764

Thu Jul 14 13:32:48 2022


 Elaboration Time: 0.03125 sec

 Current Memory Usage: 5150.19 Meg

 Total Signals          : 5
 Total Nets             : 5
 Total Signal Drivers   : 3
 Total Blocks           : 3
 Total Primitive Blocks : 3
 Total Processes        : 2
 Total Traceable Variables  : 10
 Total Scalar Nets and Variables : 383
Total Line Count : 35

 Total Simulation Time: 0.265625 sec

 Current Memory Usage: 5150.19 Meg

Thu Jul 14 13:42:28 2022

