Command line:
   ejercicio3_14_isim_beh.exe
     -simmode  gui
     -simrunnum  0
     -socket  59462

Thu Jul 14 12:09:27 2022


 Elaboration Time: 0.046875 sec

 Current Memory Usage: 5150.76 Meg

 Total Signals          : 5
 Total Nets             : 7
 Total Signal Drivers   : 3
 Total Blocks           : 3
 Total Primitive Blocks : 3
 Total Processes        : 2
 Total Traceable Variables  : 10
 Total Scalar Nets and Variables : 385
Total Line Count : 35

 Total Simulation Time: 0.46875 sec

 Current Memory Usage: 4993.47 Meg

Thu Jul 14 12:12:38 2022

